<?xml version="1.0" encoding="UTF-8"?>
<!-- Generated by org.testng.reporters.JUnitReportReporter -->
<testsuite hostname="ltinttester013" failures="0" tests="3" name="Assessment.CalculatorTest" time="37.003" errors="0" timestamp="2024-01-23T09:04:32 SAST" skipped="0">
  <testcase classname="Assessment.CalculatorTest" name="boundaryValueTestOnlineCalculator" time="23.287"/>
  <system-out/>
  <testcase classname="Assessment.CalculatorTest" name="negativeTestOnlineCalculator" time="7.936"/>
  <system-out/>
  <testcase classname="Assessment.CalculatorTest" name="testOnlineCalculator" time="5.780"/>
  <system-out/>
</testsuite> <!-- Assessment.CalculatorTest -->
